<?xml version="1.0" encoding="UTF-8"?>
<!-- Generated by org.testng.reporters.JUnitXMLReporter -->
<testsuite ignored="0" hostname="DESKTOP-9OTVNOD" failures="0" tests="3" name="TestForLockedOutUser" time="0.501" errors="0" timestamp="2022-12-29T21:24:23 EST">
  <testcase classname="com.swagLabs.sauceDemo.testScript.LoginScript" name="@BeforeTest setUp" time="0.168">
    <failure type="org.openqa.selenium.WebDriverException" message="SafariDriver requires Safari 10 running on OSX El Capitan or greater.
Build info: version: &amp;apos;3.141.59&amp;apos;, revision: &amp;apos;e82be7d358&amp;apos;, time: &amp;apos;2018-11-14T08:25:53&amp;apos;
System info: host: &amp;apos;DESKTOP-9OTVNOD&amp;apos;, ip: &amp;apos;192.168.1.155&amp;apos;, os.name: &amp;apos;Windows 10&amp;apos;, os.arch: &amp;apos;amd64&amp;apos;, os.version: &amp;apos;10.0&amp;apos;, java.version: &amp;apos;17.0.3&amp;apos;
Driver info: driver.version: SafariDriver">
      <![CDATA[org.openqa.selenium.WebDriverException: SafariDriver requires Safari 10 running on OSX El Capitan or greater.
Build info: version: '3.141.59', revision: 'e82be7d358', time: '2018-11-14T08:25:53'
System info: host: 'DESKTOP-9OTVNOD', ip: '192.168.1.155', os.name: 'Windows 10', os.arch: 'amd64', os.version: '10.0', java.version: '17.0.3'
Driver info: driver.version: SafariDriver
at org.openqa.selenium.safari.SafariDriverService.createDefaultService(SafariDriverService.java:59)
at org.openqa.selenium.safari.SafariDriver.<init>(SafariDriver.java:63)
at org.openqa.selenium.safari.SafariDriver.<init>(SafariDriver.java:41)
at com.swagLabs.sauceDemo.testScript.LoginScript.setUp(LoginScript.java:31)
at java.base/java.util.concurrent.FutureTask.run(FutureTask.java:264)
at java.base/java.util.concurrent.ThreadPoolExecutor.runWorker(ThreadPoolExecutor.java:1136)
at java.base/java.util.concurrent.ThreadPoolExecutor$Worker.run(ThreadPoolExecutor.java:635)
at java.base/java.lang.Thread.run(Thread.java:833)
... Removed 15 stack frames]]>
    </failure>
  </testcase> <!-- @BeforeTest setUp -->
  <testcase classname="com.swagLabs.sauceDemo.testScript.LoginScript" name="@AfterTest closeBrowser" time="-1.67236706369E9">
    <skipped/>
  </testcase> <!-- @AfterTest closeBrowser -->
  <testcase classname="com.swagLabs.sauceDemo.testScript.LoginScript" name="userName" time="0.0">
    <skipped/>
  </testcase> <!-- userName -->
  <testcase classname="com.swagLabs.sauceDemo.testScript.LoginScript" name="password" time="0.0">
    <skipped/>
  </testcase> <!-- password -->
  <testcase classname="com.swagLabs.sauceDemo.testScript.LoginScript" name="login" time="0.0">
    <skipped/>
  </testcase> <!-- login -->
</testsuite> <!-- TestForLockedOutUser -->
