<?xml version="1.0" encoding="UTF-8"?>
<!-- Generated by org.testng.reporters.JUnitXMLReporter -->
<testsuite ignored="0" hostname="DESKTOP-9OTVNOD" failures="0" tests="3" name="TestForStandardUser" time="12.261" errors="0" timestamp="2022-12-29T21:24:35 EST">
  <testcase classname="com.swagLabs.sauceDemo.testScript.LoginScript" name="@BeforeTest setUp" time="3.079">
    <failure type="org.openqa.selenium.SessionNotCreatedException" message="session not created: No matching capabilities found
Build info: version: &amp;apos;3.141.59&amp;apos;, revision: &amp;apos;e82be7d358&amp;apos;, time: &amp;apos;2018-11-14T08:25:53&amp;apos;
System info: host: &amp;apos;DESKTOP-9OTVNOD&amp;apos;, ip: &amp;apos;192.168.1.155&amp;apos;, os.name: &amp;apos;Windows 10&amp;apos;, os.arch: &amp;apos;amd64&amp;apos;, os.version: &amp;apos;10.0&amp;apos;, java.version: &amp;apos;17.0.3&amp;apos;
Driver info: driver.version: FirefoxDriver
remote stacktrace: Backtrace:
	(No symbol) [0x0026F243]
	(No symbol) [0x001F7FD1]
	(No symbol) [0x000ED04D]
	(No symbol) [0x0013E35D]
	(No symbol) [0x0013DA8C]
	(No symbol) [0x0013ECEE]
	(No symbol) [0x0013EB2A]
	(No symbol) [0x00138386]
	(No symbol) [0x0011163C]
	(No symbol) [0x0011269D]
	GetHandleVerifier [0x00509A22+2655074]
	GetHandleVerifier [0x004FCA24+2601828]
	GetHandleVerifier [0x00318C0A+619850]
	GetHandleVerifier [0x00317830+614768]
	(No symbol) [0x002005FC]
	(No symbol) [0x00205968]
	(No symbol) [0x00205A55]
	(No symbol) [0x0021051B]
	BaseThreadInitThunk [0x75D200F9+25]
	RtlGetAppContainerNamedObjectPath [0x77937BBE+286]
	RtlGetAppContainerNamedObjectPath [0x77937B8E+238]
	(No symbol) [0x00000000]
">
      <![CDATA[org.openqa.selenium.SessionNotCreatedException: session not created: No matching capabilities found
Build info: version: '3.141.59', revision: 'e82be7d358', time: '2018-11-14T08:25:53'
System info: host: 'DESKTOP-9OTVNOD', ip: '192.168.1.155', os.name: 'Windows 10', os.arch: 'amd64', os.version: '10.0', java.version: '17.0.3'
Driver info: driver.version: FirefoxDriver
remote stacktrace: Backtrace:
(No symbol) [0x0026F243]
(No symbol) [0x001F7FD1]
(No symbol) [0x000ED04D]
(No symbol) [0x0013E35D]
(No symbol) [0x0013DA8C]
(No symbol) [0x0013ECEE]
(No symbol) [0x0013EB2A]
(No symbol) [0x00138386]
(No symbol) [0x0011163C]
(No symbol) [0x0011269D]
GetHandleVerifier [0x00509A22+2655074]
GetHandleVerifier [0x004FCA24+2601828]
GetHandleVerifier [0x00318C0A+619850]
GetHandleVerifier [0x00317830+614768]
(No symbol) [0x002005FC]
(No symbol) [0x00205968]
(No symbol) [0x00205A55]
(No symbol) [0x0021051B]
BaseThreadInitThunk [0x75D200F9+25]
RtlGetAppContainerNamedObjectPath [0x77937BBE+286]
RtlGetAppContainerNamedObjectPath [0x77937B8E+238]
(No symbol) [0x00000000]

at org.openqa.selenium.remote.W3CHandshakeResponse.lambda$errorHandler$0(W3CHandshakeResponse.java:62)
at org.openqa.selenium.remote.HandshakeResponse.lambda$getResponseFunction$0(HandshakeResponse.java:30)
at org.openqa.selenium.remote.ProtocolHandshake.lambda$createSession$0(ProtocolHandshake.java:126)
at java.base/java.util.stream.ReferencePipeline$3$1.accept(ReferencePipeline.java:197)
at java.base/java.util.Spliterators$ArraySpliterator.tryAdvance(Spliterators.java:1002)
at java.base/java.util.stream.ReferencePipeline.forEachWithCancel(ReferencePipeline.java:129)
at java.base/java.util.stream.AbstractPipeline.copyIntoWithCancel(AbstractPipeline.java:527)
at java.base/java.util.stream.AbstractPipeline.copyInto(AbstractPipeline.java:513)
at java.base/java.util.stream.AbstractPipeline.wrapAndCopyInto(AbstractPipeline.java:499)
at java.base/java.util.stream.FindOps$FindOp.evaluateSequential(FindOps.java:150)
at java.base/java.util.stream.AbstractPipeline.evaluate(AbstractPipeline.java:234)
at java.base/java.util.stream.ReferencePipeline.findFirst(ReferencePipeline.java:647)
at org.openqa.selenium.remote.ProtocolHandshake.createSession(ProtocolHandshake.java:128)
at org.openqa.selenium.remote.ProtocolHandshake.createSession(ProtocolHandshake.java:74)
at org.openqa.selenium.remote.HttpCommandExecutor.execute(HttpCommandExecutor.java:136)
at org.openqa.selenium.remote.service.DriverCommandExecutor.execute(DriverCommandExecutor.java:83)
at org.openqa.selenium.remote.RemoteWebDriver.execute(RemoteWebDriver.java:552)
at org.openqa.selenium.remote.RemoteWebDriver.startSession(RemoteWebDriver.java:213)
at org.openqa.selenium.remote.RemoteWebDriver.<init>(RemoteWebDriver.java:131)
at org.openqa.selenium.firefox.FirefoxDriver.<init>(FirefoxDriver.java:147)
at org.openqa.selenium.firefox.FirefoxDriver.<init>(FirefoxDriver.java:125)
at com.swagLabs.sauceDemo.testScript.LoginScript.setUp(LoginScript.java:28)
at java.base/java.util.concurrent.FutureTask.run(FutureTask.java:264)
at java.base/java.util.concurrent.ThreadPoolExecutor.runWorker(ThreadPoolExecutor.java:1136)
at java.base/java.util.concurrent.ThreadPoolExecutor$Worker.run(ThreadPoolExecutor.java:635)
at java.base/java.lang.Thread.run(Thread.java:833)
... Removed 20 stack frames]]>
    </failure>
  </testcase> <!-- @BeforeTest setUp -->
  <testcase classname="com.swagLabs.sauceDemo.testScript.LoginScript" name="@AfterTest closeBrowser" time="-1.672367066419E9">
    <skipped/>
  </testcase> <!-- @AfterTest closeBrowser -->
  <testcase classname="com.swagLabs.sauceDemo.testScript.LoginScript" name="@AfterTest closeBrowser" time="0.745">
    <failure type="java.lang.AssertionError" message="expected [https://www.saucedemo.com/inventory.html] but found [https://www.saucedemo.com]">
      <![CDATA[java.lang.AssertionError: expected [https://www.saucedemo.com/inventory.html] but found [https://www.saucedemo.com]
at com.swagLabs.sauceDemo.testScript.LoginScript.closeBrowser(LoginScript.java:61)
at java.base/java.util.concurrent.FutureTask.run(FutureTask.java:264)
at java.base/java.util.concurrent.ThreadPoolExecutor.runWorker(ThreadPoolExecutor.java:1136)
at java.base/java.util.concurrent.ThreadPoolExecutor$Worker.run(ThreadPoolExecutor.java:635)
at java.base/java.lang.Thread.run(Thread.java:833)
... Removed 21 stack frames]]>
    </failure>
  </testcase> <!-- @AfterTest closeBrowser -->
  <testcase classname="com.swagLabs.sauceDemo.testScript.LoginScript" name="userName" time="0.918"/>
  <testcase classname="com.swagLabs.sauceDemo.testScript.LoginScript" name="password" time="0.503"/>
  <testcase classname="com.swagLabs.sauceDemo.testScript.LoginScript" name="login" time="0.966"/>
</testsuite> <!-- TestForStandardUser -->
