<!DOCTYPE html PUBLIC "-//W3C//DTD XHTML 1.1//EN" "https://www.w3.org/TR/xhtml11/DTD/xhtml11.dtd">
<html xmlns="https://www.w3.org/1999/xhtml">
<head>
<meta http-equiv="content-type" content="text/html; charset=UTF-8"/>
<title>TestNG Report</title>
<style type="text/css">table {margin-bottom:10px;border-collapse:collapse;empty-cells:show}th,td {border:1px solid #009;padding:.25em .5em}th {vertical-align:bottom}td {vertical-align:top}table a {font-weight:bold}.stripe td {background-color: #E6EBF9}.num {text-align:right}.passedodd td {background-color: #3F3}.passedeven td {background-color: #0A0}.skippedodd td {background-color: #DDD}.skippedeven td {background-color: #CCC}.failedodd td,.attn {background-color: #F33}.failedeven td,.stripe .attn {background-color: #D00}.stacktrace {white-space:pre;font-family:monospace}.totop {font-size:85%;text-align:center;border-bottom:2px solid #000}.invisible {display:none}</style>
</head>
<body>
<table>
<tr><th>Test</th><th># Passed</th><th># Skipped</th><th># Retried</th><th># Failed</th><th>Time (ms)</th><th>Included Groups</th><th>Excluded Groups</th></tr>
<tr><th colspan="8">Suite</th></tr>
<tr><td><a href="#t0">TestForLockedOutUser</a></td><td class="num">0</td><td class="num attn">3</td><td class="num">0</td><td class="num">0</td><td class="num">501</td><td></td><td></td></tr>
<tr class="stripe"><td><a href="#t1">TestForProblemUser</a></td><td class="num">0</td><td class="num attn">3</td><td class="num">0</td><td class="num">0</td><td class="num">3,248</td><td></td><td></td></tr>
<tr><td><a href="#t2">TestForStandardUser</a></td><td class="num">3</td><td class="num">0</td><td class="num">0</td><td class="num">0</td><td class="num">12,261</td><td></td><td></td></tr>
<tr><th>Total</th><th class="num">3</th><th class="num attn">6</th><th class="num">0</th><th class="num">0</th><th class="num">16,010</th><th colspan="2"></th></tr>
</table>
<table id='summary'><thead><tr><th>Class</th><th>Method</th><th>Start</th><th>Time (ms)</th></tr></thead><tbody><tr><th colspan="4">Suite</th></tr></tbody><tbody id="t0"><tr><th colspan="4">TestForLockedOutUser &#8212; failed (configuration methods)</th></tr><tr class="failedeven"><td rowspan="1">com.swagLabs.sauceDemo.testScript.LoginScript</td><td><a href="#m0">setUp</a></td><td rowspan="1">1672367063206</td><td rowspan="1">168</td></tr><tr><th colspan="4">TestForLockedOutUser &#8212; skipped (configuration methods)</th></tr><tr class="skippedeven"><td rowspan="1">com.swagLabs.sauceDemo.testScript.LoginScript</td><td><a href="#m1">closeBrowser</a></td><td rowspan="1">1672367063690</td><td rowspan="1">-1672367063690</td></tr><tr><th colspan="4">TestForLockedOutUser &#8212; skipped</th></tr><tr class="skippedeven"><td rowspan="3">com.swagLabs.sauceDemo.testScript.LoginScript</td><td><a href="#m2">login</a></td><td rowspan="1">1672367063674</td><td rowspan="1">0</td></tr><tr class="skippedeven"><td><a href="#m3">password</a></td><td rowspan="1">1672367063630</td><td rowspan="1">0</td></tr><tr class="skippedeven"><td><a href="#m4">userName</a></td><td rowspan="1">1672367063572</td><td rowspan="1">0</td></tr></tbody>
<tbody id="t1"><tr><th colspan="4">TestForProblemUser &#8212; failed (configuration methods)</th></tr><tr class="failedeven"><td rowspan="1">com.swagLabs.sauceDemo.testScript.LoginScript</td><td><a href="#m5">setUp</a></td><td rowspan="1">1672367063207</td><td rowspan="1">3079</td></tr><tr><th colspan="4">TestForProblemUser &#8212; skipped (configuration methods)</th></tr><tr class="skippedeven"><td rowspan="1">com.swagLabs.sauceDemo.testScript.LoginScript</td><td><a href="#m6">closeBrowser</a></td><td rowspan="1">1672367066419</td><td rowspan="1">-1672367066419</td></tr><tr><th colspan="4">TestForProblemUser &#8212; skipped</th></tr><tr class="skippedeven"><td rowspan="3">com.swagLabs.sauceDemo.testScript.LoginScript</td><td><a href="#m7">login</a></td><td rowspan="1">1672367066397</td><td rowspan="1">0</td></tr><tr class="skippedeven"><td><a href="#m8">password</a></td><td rowspan="1">1672367066377</td><td rowspan="1">0</td></tr><tr class="skippedeven"><td><a href="#m9">userName</a></td><td rowspan="1">1672367066330</td><td rowspan="1">0</td></tr></tbody>
<tbody id="t2"><tr><th colspan="4">TestForStandardUser &#8212; failed (configuration methods)</th></tr><tr class="failedeven"><td rowspan="1">com.swagLabs.sauceDemo.testScript.LoginScript</td><td><a href="#m10">closeBrowser</a></td><td rowspan="1">1672367074710</td><td rowspan="1">745</td></tr><tr><th colspan="4">TestForStandardUser &#8212; passed</th></tr><tr class="passedeven"><td rowspan="3">com.swagLabs.sauceDemo.testScript.LoginScript</td><td><a href="#m11">login</a></td><td rowspan="1">1672367073742</td><td rowspan="1">966</td></tr><tr class="passedeven"><td><a href="#m12">password</a></td><td rowspan="1">1672367073236</td><td rowspan="1">503</td></tr><tr class="passedeven"><td><a href="#m13">userName</a></td><td rowspan="1">1672367072300</td><td rowspan="1">918</td></tr></tbody>
</table>
<h2>TestForLockedOutUser</h2><h3 id="m0">com.swagLabs.sauceDemo.testScript.LoginScript#setUp</h3><table class="result"><tr class="param"><th>Parameter #1</th></tr><tr class="param stripe"><td>safari</td></tr><tr><th>Exception</th></tr><tr><td><div class="stacktrace">org.openqa.selenium.WebDriverException: SafariDriver requires Safari 10 running on OSX El Capitan or greater.
Build info: version: &apos;3.141.59&apos;, revision: &apos;e82be7d358&apos;, time: &apos;2018-11-14T08:25:53&apos;
System info: host: &apos;DESKTOP-9OTVNOD&apos;, ip: &apos;192.168.1.155&apos;, os.name: &apos;Windows 10&apos;, os.arch: &apos;amd64&apos;, os.version: &apos;10.0&apos;, java.version: &apos;17.0.3&apos;
Driver info: driver.version: SafariDriver
	at org.openqa.selenium.safari.SafariDriverService.createDefaultService(SafariDriverService.java:59)
	at org.openqa.selenium.safari.SafariDriver.&lt;init&gt;(SafariDriver.java:63)
	at org.openqa.selenium.safari.SafariDriver.&lt;init&gt;(SafariDriver.java:41)
	at com.swagLabs.sauceDemo.testScript.LoginScript.setUp(LoginScript.java:31)
	at java.base/java.util.concurrent.FutureTask.run(FutureTask.java:264)
	at java.base/java.util.concurrent.ThreadPoolExecutor.runWorker(ThreadPoolExecutor.java:1136)
	at java.base/java.util.concurrent.ThreadPoolExecutor$Worker.run(ThreadPoolExecutor.java:635)
	at java.base/java.lang.Thread.run(Thread.java:833)
... Removed 15 stack frames</div></td></tr></table><p class="totop"><a href="#summary">back to summary</a></p>
<h3 id="m1">com.swagLabs.sauceDemo.testScript.LoginScript#closeBrowser</h3><table class="result"><tr><th class="invisible"/></tr></table><p class="totop"><a href="#summary">back to summary</a></p>
<h3 id="m2">com.swagLabs.sauceDemo.testScript.LoginScript#login</h3><table class="result"><tr><th>Exception</th></tr><tr><td><div class="stacktrace">org.openqa.selenium.WebDriverException: SafariDriver requires Safari 10 running on OSX El Capitan or greater.
Build info: version: &apos;3.141.59&apos;, revision: &apos;e82be7d358&apos;, time: &apos;2018-11-14T08:25:53&apos;
System info: host: &apos;DESKTOP-9OTVNOD&apos;, ip: &apos;192.168.1.155&apos;, os.name: &apos;Windows 10&apos;, os.arch: &apos;amd64&apos;, os.version: &apos;10.0&apos;, java.version: &apos;17.0.3&apos;
Driver info: driver.version: SafariDriver
	at org.openqa.selenium.safari.SafariDriverService.createDefaultService(SafariDriverService.java:59)
	at org.openqa.selenium.safari.SafariDriver.&lt;init&gt;(SafariDriver.java:63)
	at org.openqa.selenium.safari.SafariDriver.&lt;init&gt;(SafariDriver.java:41)
	at com.swagLabs.sauceDemo.testScript.LoginScript.setUp(LoginScript.java:31)
	at java.base/java.util.concurrent.FutureTask.run(FutureTask.java:264)
	at java.base/java.util.concurrent.ThreadPoolExecutor.runWorker(ThreadPoolExecutor.java:1136)
	at java.base/java.util.concurrent.ThreadPoolExecutor$Worker.run(ThreadPoolExecutor.java:635)
	at java.base/java.lang.Thread.run(Thread.java:833)
... Removed 15 stack frames</div></td></tr></table><p class="totop"><a href="#summary">back to summary</a></p>
<h3 id="m3">com.swagLabs.sauceDemo.testScript.LoginScript#password</h3><table class="result"><tr class="param"><th>Parameter #1</th></tr><tr class="param stripe"><td>secret_sauce</td></tr><tr><th>Exception</th></tr><tr><td><div class="stacktrace">org.openqa.selenium.WebDriverException: SafariDriver requires Safari 10 running on OSX El Capitan or greater.
Build info: version: &apos;3.141.59&apos;, revision: &apos;e82be7d358&apos;, time: &apos;2018-11-14T08:25:53&apos;
System info: host: &apos;DESKTOP-9OTVNOD&apos;, ip: &apos;192.168.1.155&apos;, os.name: &apos;Windows 10&apos;, os.arch: &apos;amd64&apos;, os.version: &apos;10.0&apos;, java.version: &apos;17.0.3&apos;
Driver info: driver.version: SafariDriver
	at org.openqa.selenium.safari.SafariDriverService.createDefaultService(SafariDriverService.java:59)
	at org.openqa.selenium.safari.SafariDriver.&lt;init&gt;(SafariDriver.java:63)
	at org.openqa.selenium.safari.SafariDriver.&lt;init&gt;(SafariDriver.java:41)
	at com.swagLabs.sauceDemo.testScript.LoginScript.setUp(LoginScript.java:31)
	at java.base/java.util.concurrent.FutureTask.run(FutureTask.java:264)
	at java.base/java.util.concurrent.ThreadPoolExecutor.runWorker(ThreadPoolExecutor.java:1136)
	at java.base/java.util.concurrent.ThreadPoolExecutor$Worker.run(ThreadPoolExecutor.java:635)
	at java.base/java.lang.Thread.run(Thread.java:833)
... Removed 15 stack frames</div></td></tr></table><p class="totop"><a href="#summary">back to summary</a></p>
<h3 id="m4">com.swagLabs.sauceDemo.testScript.LoginScript#userName</h3><table class="result"><tr class="param"><th>Parameter #1</th></tr><tr class="param stripe"><td>locked_out_user</td></tr><tr><th>Exception</th></tr><tr><td><div class="stacktrace">org.openqa.selenium.WebDriverException: SafariDriver requires Safari 10 running on OSX El Capitan or greater.
Build info: version: &apos;3.141.59&apos;, revision: &apos;e82be7d358&apos;, time: &apos;2018-11-14T08:25:53&apos;
System info: host: &apos;DESKTOP-9OTVNOD&apos;, ip: &apos;192.168.1.155&apos;, os.name: &apos;Windows 10&apos;, os.arch: &apos;amd64&apos;, os.version: &apos;10.0&apos;, java.version: &apos;17.0.3&apos;
Driver info: driver.version: SafariDriver
	at org.openqa.selenium.safari.SafariDriverService.createDefaultService(SafariDriverService.java:59)
	at org.openqa.selenium.safari.SafariDriver.&lt;init&gt;(SafariDriver.java:63)
	at org.openqa.selenium.safari.SafariDriver.&lt;init&gt;(SafariDriver.java:41)
	at com.swagLabs.sauceDemo.testScript.LoginScript.setUp(LoginScript.java:31)
	at java.base/java.util.concurrent.FutureTask.run(FutureTask.java:264)
	at java.base/java.util.concurrent.ThreadPoolExecutor.runWorker(ThreadPoolExecutor.java:1136)
	at java.base/java.util.concurrent.ThreadPoolExecutor$Worker.run(ThreadPoolExecutor.java:635)
	at java.base/java.lang.Thread.run(Thread.java:833)
... Removed 15 stack frames</div></td></tr></table><p class="totop"><a href="#summary">back to summary</a></p>
<h2>TestForProblemUser</h2><h3 id="m5">com.swagLabs.sauceDemo.testScript.LoginScript#setUp</h3><table class="result"><tr class="param"><th>Parameter #1</th></tr><tr class="param stripe"><td>firefox</td></tr><tr><th>Exception</th></tr><tr><td><div class="stacktrace">org.openqa.selenium.SessionNotCreatedException: session not created: No matching capabilities found
Build info: version: &apos;3.141.59&apos;, revision: &apos;e82be7d358&apos;, time: &apos;2018-11-14T08:25:53&apos;
System info: host: &apos;DESKTOP-9OTVNOD&apos;, ip: &apos;192.168.1.155&apos;, os.name: &apos;Windows 10&apos;, os.arch: &apos;amd64&apos;, os.version: &apos;10.0&apos;, java.version: &apos;17.0.3&apos;
Driver info: driver.version: FirefoxDriver
remote stacktrace: Backtrace:
	(No symbol) [0x0026F243]
	(No symbol) [0x001F7FD1]
	(No symbol) [0x000ED04D]
	(No symbol) [0x0013E35D]
	(No symbol) [0x0013DA8C]
	(No symbol) [0x0013ECEE]
	(No symbol) [0x0013EB2A]
	(No symbol) [0x00138386]
	(No symbol) [0x0011163C]
	(No symbol) [0x0011269D]
	GetHandleVerifier [0x00509A22+2655074]
	GetHandleVerifier [0x004FCA24+2601828]
	GetHandleVerifier [0x00318C0A+619850]
	GetHandleVerifier [0x00317830+614768]
	(No symbol) [0x002005FC]
	(No symbol) [0x00205968]
	(No symbol) [0x00205A55]
	(No symbol) [0x0021051B]
	BaseThreadInitThunk [0x75D200F9+25]
	RtlGetAppContainerNamedObjectPath [0x77937BBE+286]
	RtlGetAppContainerNamedObjectPath [0x77937B8E+238]
	(No symbol) [0x00000000]

	at org.openqa.selenium.remote.W3CHandshakeResponse.lambda$errorHandler$0(W3CHandshakeResponse.java:62)
	at org.openqa.selenium.remote.HandshakeResponse.lambda$getResponseFunction$0(HandshakeResponse.java:30)
	at org.openqa.selenium.remote.ProtocolHandshake.lambda$createSession$0(ProtocolHandshake.java:126)
	at java.base/java.util.stream.ReferencePipeline$3$1.accept(ReferencePipeline.java:197)
	at java.base/java.util.Spliterators$ArraySpliterator.tryAdvance(Spliterators.java:1002)
	at java.base/java.util.stream.ReferencePipeline.forEachWithCancel(ReferencePipeline.java:129)
	at java.base/java.util.stream.AbstractPipeline.copyIntoWithCancel(AbstractPipeline.java:527)
	at java.base/java.util.stream.AbstractPipeline.copyInto(AbstractPipeline.java:513)
	at java.base/java.util.stream.AbstractPipeline.wrapAndCopyInto(AbstractPipeline.java:499)
	at java.base/java.util.stream.FindOps$FindOp.evaluateSequential(FindOps.java:150)
	at java.base/java.util.stream.AbstractPipeline.evaluate(AbstractPipeline.java:234)
	at java.base/java.util.stream.ReferencePipeline.findFirst(ReferencePipeline.java:647)
	at org.openqa.selenium.remote.ProtocolHandshake.createSession(ProtocolHandshake.java:128)
	at org.openqa.selenium.remote.ProtocolHandshake.createSession(ProtocolHandshake.java:74)
	at org.openqa.selenium.remote.HttpCommandExecutor.execute(HttpCommandExecutor.java:136)
	at org.openqa.selenium.remote.service.DriverCommandExecutor.execute(DriverCommandExecutor.java:83)
	at org.openqa.selenium.remote.RemoteWebDriver.execute(RemoteWebDriver.java:552)
	at org.openqa.selenium.remote.RemoteWebDriver.startSession(RemoteWebDriver.java:213)
	at org.openqa.selenium.remote.RemoteWebDriver.&lt;init&gt;(RemoteWebDriver.java:131)
	at org.openqa.selenium.firefox.FirefoxDriver.&lt;init&gt;(FirefoxDriver.java:147)
	at org.openqa.selenium.firefox.FirefoxDriver.&lt;init&gt;(FirefoxDriver.java:125)
	at com.swagLabs.sauceDemo.testScript.LoginScript.setUp(LoginScript.java:28)
	at java.base/java.util.concurrent.FutureTask.run(FutureTask.java:264)
	at java.base/java.util.concurrent.ThreadPoolExecutor.runWorker(ThreadPoolExecutor.java:1136)
	at java.base/java.util.concurrent.ThreadPoolExecutor$Worker.run(ThreadPoolExecutor.java:635)
	at java.base/java.lang.Thread.run(Thread.java:833)
... Removed 20 stack frames</div></td></tr></table><p class="totop"><a href="#summary">back to summary</a></p>
<h3 id="m6">com.swagLabs.sauceDemo.testScript.LoginScript#closeBrowser</h3><table class="result"><tr><th class="invisible"/></tr></table><p class="totop"><a href="#summary">back to summary</a></p>
<h3 id="m7">com.swagLabs.sauceDemo.testScript.LoginScript#login</h3><table class="result"><tr><th>Exception</th></tr><tr><td><div class="stacktrace">org.openqa.selenium.SessionNotCreatedException: session not created: No matching capabilities found
Build info: version: &apos;3.141.59&apos;, revision: &apos;e82be7d358&apos;, time: &apos;2018-11-14T08:25:53&apos;
System info: host: &apos;DESKTOP-9OTVNOD&apos;, ip: &apos;192.168.1.155&apos;, os.name: &apos;Windows 10&apos;, os.arch: &apos;amd64&apos;, os.version: &apos;10.0&apos;, java.version: &apos;17.0.3&apos;
Driver info: driver.version: FirefoxDriver
remote stacktrace: Backtrace:
	(No symbol) [0x0026F243]
	(No symbol) [0x001F7FD1]
	(No symbol) [0x000ED04D]
	(No symbol) [0x0013E35D]
	(No symbol) [0x0013DA8C]
	(No symbol) [0x0013ECEE]
	(No symbol) [0x0013EB2A]
	(No symbol) [0x00138386]
	(No symbol) [0x0011163C]
	(No symbol) [0x0011269D]
	GetHandleVerifier [0x00509A22+2655074]
	GetHandleVerifier [0x004FCA24+2601828]
	GetHandleVerifier [0x00318C0A+619850]
	GetHandleVerifier [0x00317830+614768]
	(No symbol) [0x002005FC]
	(No symbol) [0x00205968]
	(No symbol) [0x00205A55]
	(No symbol) [0x0021051B]
	BaseThreadInitThunk [0x75D200F9+25]
	RtlGetAppContainerNamedObjectPath [0x77937BBE+286]
	RtlGetAppContainerNamedObjectPath [0x77937B8E+238]
	(No symbol) [0x00000000]

	at org.openqa.selenium.remote.W3CHandshakeResponse.lambda$errorHandler$0(W3CHandshakeResponse.java:62)
	at org.openqa.selenium.remote.HandshakeResponse.lambda$getResponseFunction$0(HandshakeResponse.java:30)
	at org.openqa.selenium.remote.ProtocolHandshake.lambda$createSession$0(ProtocolHandshake.java:126)
	at java.base/java.util.stream.ReferencePipeline$3$1.accept(ReferencePipeline.java:197)
	at java.base/java.util.Spliterators$ArraySpliterator.tryAdvance(Spliterators.java:1002)
	at java.base/java.util.stream.ReferencePipeline.forEachWithCancel(ReferencePipeline.java:129)
	at java.base/java.util.stream.AbstractPipeline.copyIntoWithCancel(AbstractPipeline.java:527)
	at java.base/java.util.stream.AbstractPipeline.copyInto(AbstractPipeline.java:513)
	at java.base/java.util.stream.AbstractPipeline.wrapAndCopyInto(AbstractPipeline.java:499)
	at java.base/java.util.stream.FindOps$FindOp.evaluateSequential(FindOps.java:150)
	at java.base/java.util.stream.AbstractPipeline.evaluate(AbstractPipeline.java:234)
	at java.base/java.util.stream.ReferencePipeline.findFirst(ReferencePipeline.java:647)
	at org.openqa.selenium.remote.ProtocolHandshake.createSession(ProtocolHandshake.java:128)
	at org.openqa.selenium.remote.ProtocolHandshake.createSession(ProtocolHandshake.java:74)
	at org.openqa.selenium.remote.HttpCommandExecutor.execute(HttpCommandExecutor.java:136)
	at org.openqa.selenium.remote.service.DriverCommandExecutor.execute(DriverCommandExecutor.java:83)
	at org.openqa.selenium.remote.RemoteWebDriver.execute(RemoteWebDriver.java:552)
	at org.openqa.selenium.remote.RemoteWebDriver.startSession(RemoteWebDriver.java:213)
	at org.openqa.selenium.remote.RemoteWebDriver.&lt;init&gt;(RemoteWebDriver.java:131)
	at org.openqa.selenium.firefox.FirefoxDriver.&lt;init&gt;(FirefoxDriver.java:147)
	at org.openqa.selenium.firefox.FirefoxDriver.&lt;init&gt;(FirefoxDriver.java:125)
	at com.swagLabs.sauceDemo.testScript.LoginScript.setUp(LoginScript.java:28)
	at java.base/java.util.concurrent.FutureTask.run(FutureTask.java:264)
	at java.base/java.util.concurrent.ThreadPoolExecutor.runWorker(ThreadPoolExecutor.java:1136)
	at java.base/java.util.concurrent.ThreadPoolExecutor$Worker.run(ThreadPoolExecutor.java:635)
	at java.base/java.lang.Thread.run(Thread.java:833)
... Removed 20 stack frames</div></td></tr></table><p class="totop"><a href="#summary">back to summary</a></p>
<h3 id="m8">com.swagLabs.sauceDemo.testScript.LoginScript#password</h3><table class="result"><tr class="param"><th>Parameter #1</th></tr><tr class="param stripe"><td>secret_sauce</td></tr><tr><th>Exception</th></tr><tr><td><div class="stacktrace">org.openqa.selenium.SessionNotCreatedException: session not created: No matching capabilities found
Build info: version: &apos;3.141.59&apos;, revision: &apos;e82be7d358&apos;, time: &apos;2018-11-14T08:25:53&apos;
System info: host: &apos;DESKTOP-9OTVNOD&apos;, ip: &apos;192.168.1.155&apos;, os.name: &apos;Windows 10&apos;, os.arch: &apos;amd64&apos;, os.version: &apos;10.0&apos;, java.version: &apos;17.0.3&apos;
Driver info: driver.version: FirefoxDriver
remote stacktrace: Backtrace:
	(No symbol) [0x0026F243]
	(No symbol) [0x001F7FD1]
	(No symbol) [0x000ED04D]
	(No symbol) [0x0013E35D]
	(No symbol) [0x0013DA8C]
	(No symbol) [0x0013ECEE]
	(No symbol) [0x0013EB2A]
	(No symbol) [0x00138386]
	(No symbol) [0x0011163C]
	(No symbol) [0x0011269D]
	GetHandleVerifier [0x00509A22+2655074]
	GetHandleVerifier [0x004FCA24+2601828]
	GetHandleVerifier [0x00318C0A+619850]
	GetHandleVerifier [0x00317830+614768]
	(No symbol) [0x002005FC]
	(No symbol) [0x00205968]
	(No symbol) [0x00205A55]
	(No symbol) [0x0021051B]
	BaseThreadInitThunk [0x75D200F9+25]
	RtlGetAppContainerNamedObjectPath [0x77937BBE+286]
	RtlGetAppContainerNamedObjectPath [0x77937B8E+238]
	(No symbol) [0x00000000]

	at org.openqa.selenium.remote.W3CHandshakeResponse.lambda$errorHandler$0(W3CHandshakeResponse.java:62)
	at org.openqa.selenium.remote.HandshakeResponse.lambda$getResponseFunction$0(HandshakeResponse.java:30)
	at org.openqa.selenium.remote.ProtocolHandshake.lambda$createSession$0(ProtocolHandshake.java:126)
	at java.base/java.util.stream.ReferencePipeline$3$1.accept(ReferencePipeline.java:197)
	at java.base/java.util.Spliterators$ArraySpliterator.tryAdvance(Spliterators.java:1002)
	at java.base/java.util.stream.ReferencePipeline.forEachWithCancel(ReferencePipeline.java:129)
	at java.base/java.util.stream.AbstractPipeline.copyIntoWithCancel(AbstractPipeline.java:527)
	at java.base/java.util.stream.AbstractPipeline.copyInto(AbstractPipeline.java:513)
	at java.base/java.util.stream.AbstractPipeline.wrapAndCopyInto(AbstractPipeline.java:499)
	at java.base/java.util.stream.FindOps$FindOp.evaluateSequential(FindOps.java:150)
	at java.base/java.util.stream.AbstractPipeline.evaluate(AbstractPipeline.java:234)
	at java.base/java.util.stream.ReferencePipeline.findFirst(ReferencePipeline.java:647)
	at org.openqa.selenium.remote.ProtocolHandshake.createSession(ProtocolHandshake.java:128)
	at org.openqa.selenium.remote.ProtocolHandshake.createSession(ProtocolHandshake.java:74)
	at org.openqa.selenium.remote.HttpCommandExecutor.execute(HttpCommandExecutor.java:136)
	at org.openqa.selenium.remote.service.DriverCommandExecutor.execute(DriverCommandExecutor.java:83)
	at org.openqa.selenium.remote.RemoteWebDriver.execute(RemoteWebDriver.java:552)
	at org.openqa.selenium.remote.RemoteWebDriver.startSession(RemoteWebDriver.java:213)
	at org.openqa.selenium.remote.RemoteWebDriver.&lt;init&gt;(RemoteWebDriver.java:131)
	at org.openqa.selenium.firefox.FirefoxDriver.&lt;init&gt;(FirefoxDriver.java:147)
	at org.openqa.selenium.firefox.FirefoxDriver.&lt;init&gt;(FirefoxDriver.java:125)
	at com.swagLabs.sauceDemo.testScript.LoginScript.setUp(LoginScript.java:28)
	at java.base/java.util.concurrent.FutureTask.run(FutureTask.java:264)
	at java.base/java.util.concurrent.ThreadPoolExecutor.runWorker(ThreadPoolExecutor.java:1136)
	at java.base/java.util.concurrent.ThreadPoolExecutor$Worker.run(ThreadPoolExecutor.java:635)
	at java.base/java.lang.Thread.run(Thread.java:833)
... Removed 20 stack frames</div></td></tr></table><p class="totop"><a href="#summary">back to summary</a></p>
<h3 id="m9">com.swagLabs.sauceDemo.testScript.LoginScript#userName</h3><table class="result"><tr class="param"><th>Parameter #1</th></tr><tr class="param stripe"><td>problem_user</td></tr><tr><th>Exception</th></tr><tr><td><div class="stacktrace">org.openqa.selenium.SessionNotCreatedException: session not created: No matching capabilities found
Build info: version: &apos;3.141.59&apos;, revision: &apos;e82be7d358&apos;, time: &apos;2018-11-14T08:25:53&apos;
System info: host: &apos;DESKTOP-9OTVNOD&apos;, ip: &apos;192.168.1.155&apos;, os.name: &apos;Windows 10&apos;, os.arch: &apos;amd64&apos;, os.version: &apos;10.0&apos;, java.version: &apos;17.0.3&apos;
Driver info: driver.version: FirefoxDriver
remote stacktrace: Backtrace:
	(No symbol) [0x0026F243]
	(No symbol) [0x001F7FD1]
	(No symbol) [0x000ED04D]
	(No symbol) [0x0013E35D]
	(No symbol) [0x0013DA8C]
	(No symbol) [0x0013ECEE]
	(No symbol) [0x0013EB2A]
	(No symbol) [0x00138386]
	(No symbol) [0x0011163C]
	(No symbol) [0x0011269D]
	GetHandleVerifier [0x00509A22+2655074]
	GetHandleVerifier [0x004FCA24+2601828]
	GetHandleVerifier [0x00318C0A+619850]
	GetHandleVerifier [0x00317830+614768]
	(No symbol) [0x002005FC]
	(No symbol) [0x00205968]
	(No symbol) [0x00205A55]
	(No symbol) [0x0021051B]
	BaseThreadInitThunk [0x75D200F9+25]
	RtlGetAppContainerNamedObjectPath [0x77937BBE+286]
	RtlGetAppContainerNamedObjectPath [0x77937B8E+238]
	(No symbol) [0x00000000]

	at org.openqa.selenium.remote.W3CHandshakeResponse.lambda$errorHandler$0(W3CHandshakeResponse.java:62)
	at org.openqa.selenium.remote.HandshakeResponse.lambda$getResponseFunction$0(HandshakeResponse.java:30)
	at org.openqa.selenium.remote.ProtocolHandshake.lambda$createSession$0(ProtocolHandshake.java:126)
	at java.base/java.util.stream.ReferencePipeline$3$1.accept(ReferencePipeline.java:197)
	at java.base/java.util.Spliterators$ArraySpliterator.tryAdvance(Spliterators.java:1002)
	at java.base/java.util.stream.ReferencePipeline.forEachWithCancel(ReferencePipeline.java:129)
	at java.base/java.util.stream.AbstractPipeline.copyIntoWithCancel(AbstractPipeline.java:527)
	at java.base/java.util.stream.AbstractPipeline.copyInto(AbstractPipeline.java:513)
	at java.base/java.util.stream.AbstractPipeline.wrapAndCopyInto(AbstractPipeline.java:499)
	at java.base/java.util.stream.FindOps$FindOp.evaluateSequential(FindOps.java:150)
	at java.base/java.util.stream.AbstractPipeline.evaluate(AbstractPipeline.java:234)
	at java.base/java.util.stream.ReferencePipeline.findFirst(ReferencePipeline.java:647)
	at org.openqa.selenium.remote.ProtocolHandshake.createSession(ProtocolHandshake.java:128)
	at org.openqa.selenium.remote.ProtocolHandshake.createSession(ProtocolHandshake.java:74)
	at org.openqa.selenium.remote.HttpCommandExecutor.execute(HttpCommandExecutor.java:136)
	at org.openqa.selenium.remote.service.DriverCommandExecutor.execute(DriverCommandExecutor.java:83)
	at org.openqa.selenium.remote.RemoteWebDriver.execute(RemoteWebDriver.java:552)
	at org.openqa.selenium.remote.RemoteWebDriver.startSession(RemoteWebDriver.java:213)
	at org.openqa.selenium.remote.RemoteWebDriver.&lt;init&gt;(RemoteWebDriver.java:131)
	at org.openqa.selenium.firefox.FirefoxDriver.&lt;init&gt;(FirefoxDriver.java:147)
	at org.openqa.selenium.firefox.FirefoxDriver.&lt;init&gt;(FirefoxDriver.java:125)
	at com.swagLabs.sauceDemo.testScript.LoginScript.setUp(LoginScript.java:28)
	at java.base/java.util.concurrent.FutureTask.run(FutureTask.java:264)
	at java.base/java.util.concurrent.ThreadPoolExecutor.runWorker(ThreadPoolExecutor.java:1136)
	at java.base/java.util.concurrent.ThreadPoolExecutor$Worker.run(ThreadPoolExecutor.java:635)
	at java.base/java.lang.Thread.run(Thread.java:833)
... Removed 20 stack frames</div></td></tr></table><p class="totop"><a href="#summary">back to summary</a></p>
<h2>TestForStandardUser</h2><h3 id="m10">com.swagLabs.sauceDemo.testScript.LoginScript#closeBrowser</h3><table class="result"><tr><th>Exception</th></tr><tr><td><div class="stacktrace">java.lang.AssertionError: expected [https://www.saucedemo.com/inventory.html] but found [https://www.saucedemo.com]
	at com.swagLabs.sauceDemo.testScript.LoginScript.closeBrowser(LoginScript.java:61)
	at java.base/java.util.concurrent.FutureTask.run(FutureTask.java:264)
	at java.base/java.util.concurrent.ThreadPoolExecutor.runWorker(ThreadPoolExecutor.java:1136)
	at java.base/java.util.concurrent.ThreadPoolExecutor$Worker.run(ThreadPoolExecutor.java:635)
	at java.base/java.lang.Thread.run(Thread.java:833)
... Removed 21 stack frames</div></td></tr></table><p class="totop"><a href="#summary">back to summary</a></p>
<h3 id="m11">com.swagLabs.sauceDemo.testScript.LoginScript#login</h3><table class="result"><tr><th class="invisible"/></tr></table><p class="totop"><a href="#summary">back to summary</a></p>
<h3 id="m12">com.swagLabs.sauceDemo.testScript.LoginScript#password</h3><table class="result"><tr class="param"><th>Parameter #1</th></tr><tr class="param stripe"><td>secret_sauce</td></tr></table><p class="totop"><a href="#summary">back to summary</a></p>
<h3 id="m13">com.swagLabs.sauceDemo.testScript.LoginScript#userName</h3><table class="result"><tr class="param"><th>Parameter #1</th></tr><tr class="param stripe"><td>standard_user</td></tr></table><p class="totop"><a href="#summary">back to summary</a></p>
</body>
</html>
